<?xml version="1.0" encoding="UTF-8"?>
<!-- Generated by org.testng.reporters.JUnitXMLReporter -->
<testsuite ignored="2" hostname="Thor" failures="0" tests="2" name="Button Test" time="26.917" errors="0" timestamp="2026-01-30T11:40:44 IST">
  <testcase classname="CartButton" name="cart" time="4.345"/>
  <testcase classname="ProductActions" name="test" time="4.408"/>
  <testcase classname="Base" name="@AfterSuite closeBrowser" time="0.0">
    <ignored/>
  </testcase> <!-- @AfterSuite closeBrowser -->
  <testcase classname="Base" name="@BeforeSuite setupSuite" time="0.0">
    <ignored/>
  </testcase> <!-- @BeforeSuite setupSuite -->
</testsuite> <!-- Button Test -->
