<?xml version="1.0" encoding="UTF-8"?>
<!-- Generated by org.testng.reporters.JUnitXMLReporter -->
<testsuite ignored="4" hostname="Thor" failures="0" tests="3" name="Icon Test" time="44.896" errors="0" timestamp="2026-01-30T11:38:41 IST">
  <testcase classname="LinkedinIcon" name="icon" time="10.163"/>
  <testcase classname="FBIcon" name="iconTest" time="4.614"/>
  <testcase classname="TwitterIcon" name="icon" time="6.546"/>
  <testcase classname="Base" name="@AfterSuite closeBrowser" time="0.0">
    <ignored/>
  </testcase> <!-- @AfterSuite closeBrowser -->
  <testcase classname="Base" name="@AfterSuite closeBrowser" time="0.0">
    <ignored/>
  </testcase> <!-- @AfterSuite closeBrowser -->
  <testcase classname="Base" name="@BeforeSuite setupSuite" time="0.0">
    <ignored/>
  </testcase> <!-- @BeforeSuite setupSuite -->
  <testcase classname="Base" name="@BeforeSuite setupSuite" time="0.0">
    <ignored/>
  </testcase> <!-- @BeforeSuite setupSuite -->
</testsuite> <!-- Icon Test -->
