<?xml version="1.0" encoding="UTF-8"?>
<!-- Generated by org.testng.reporters.JUnitXMLReporter -->
<testsuite ignored="0" hostname="Thor" failures="0" tests="7" name="Login Page Test" time="47.847" errors="0" timestamp="2026-01-30T11:37:19 IST">
  <testcase classname="Title" name="test" time="0.016"/>
  <testcase classname="LoginPage" name="login" time="5.841"/>
  <testcase classname="Username2" name="test" time="4.552"/>
  <testcase classname="User3" name="test" time="11.766"/>
  <testcase classname="User4" name="test" time="6.304"/>
  <testcase classname="Wrongusername" name="invalidUsernameTest" time="3.94"/>
  <testcase classname="WrongPassword" name="testWrongPassword" time="5.909"/>
</testsuite> <!-- Login Page Test -->
