<?xml version="1.0" encoding="UTF-8"?>
<!-- Generated by org.testng.reporters.JUnitXMLReporter -->
<testsuite ignored="0" hostname="Thor" failures="1" tests="1" name="Navigation Bar / Elements" time="19.34" errors="0" timestamp="2026-01-30T11:43:58 IST">
  <testcase classname="Reset" name="reset" time="8.943">
    <failure type="java.lang.AssertionError" message="App state reset fails expected [Add to cart] but found [Remove]">
      <![CDATA[java.lang.AssertionError: App state reset fails expected [Add to cart] but found [Remove]
at Reset.reset(Reset.java:37)
at java.base/java.util.ArrayList.forEach(ArrayList.java:1597)
... Removed 29 stack frames]]>
    </failure>
  </testcase> <!-- reset -->
</testsuite> <!-- Navigation Bar / Elements -->
