<?xml version="1.0" encoding="UTF-8"?>
<testng-results ignored="0" total="2" passed="2" failed="0" skipped="0">
  <reporter-output>
  </reporter-output>
  <suite started-at="2026-01-30T11:46:16 IST" name="SauceDemo Suite" finished-at="2026-01-30T11:47:19 IST" duration-ms="63004">
    <groups>
    </groups>
    <test started-at="2026-01-30T11:46:16 IST" name="Checkout / Order Section" finished-at="2026-01-30T11:47:19 IST" duration-ms="63004">
      <class name="Checkout">
        <test-method is-config="true" signature="setupSuite()[pri:0, instance:Checkout@69b2283a]" started-at="2026-01-30T11:46:14 IST" name="setupSuite" finished-at="2026-01-30T11:46:16 IST" duration-ms="1941" status="PASS">
          <reporter-output>
          </reporter-output>
        </test-method> <!-- setupSuite -->
        <test-method is-config="true" signature="loginOnce()[pri:0, instance:Checkout@69b2283a]" started-at="2026-01-30T11:46:16 IST" name="loginOnce" finished-at="2026-01-30T11:46:38 IST" duration-ms="21974" status="PASS">
          <reporter-output>
          </reporter-output>
        </test-method> <!-- loginOnce -->
        <test-method signature="shopping()[pri:1, instance:Checkout@69b2283a]" started-at="2026-01-30T11:46:38 IST" name="shopping" finished-at="2026-01-30T11:46:44 IST" duration-ms="6666" status="PASS">
          <reporter-output>
          </reporter-output>
        </test-method> <!-- shopping -->
        <test-method is-config="true" signature="takeScreenshotOnFailure(org.testng.ITestResult)[pri:0, instance:Checkout@69b2283a]" started-at="2026-01-30T11:46:44 IST" name="takeScreenshotOnFailure" finished-at="2026-01-30T11:46:44 IST" duration-ms="4" status="PASS">
          <params>
            <param index="0">
              <value>
                <![CDATA[[TestResult name=shopping status=SUCCESS method=Checkout.shopping()[pri:1, instance:Checkout@69b2283a] output={null}]]]>
              </value>
            </param>
          </params>
          <reporter-output>
          </reporter-output>
        </test-method> <!-- takeScreenshotOnFailure -->
        <test-method signature="checkout()[pri:2, instance:Checkout@69b2283a]" started-at="2026-01-30T11:46:44 IST" name="checkout" finished-at="2026-01-30T11:47:19 IST" duration-ms="34284" status="PASS">
          <reporter-output>
          </reporter-output>
        </test-method> <!-- checkout -->
        <test-method is-config="true" signature="takeScreenshotOnFailure(org.testng.ITestResult)[pri:0, instance:Checkout@69b2283a]" started-at="2026-01-30T11:47:19 IST" name="takeScreenshotOnFailure" finished-at="2026-01-30T11:47:19 IST" duration-ms="1" status="PASS">
          <params>
            <param index="0">
              <value>
                <![CDATA[[TestResult name=checkout status=SUCCESS method=Checkout.checkout()[pri:2, instance:Checkout@69b2283a] output={null}]]]>
              </value>
            </param>
          </params>
          <reporter-output>
          </reporter-output>
        </test-method> <!-- takeScreenshotOnFailure -->
        <test-method is-config="true" signature="closeBrowser()[pri:0, instance:Checkout@69b2283a]" started-at="2026-01-30T11:47:19 IST" name="closeBrowser" finished-at="2026-01-30T11:47:19 IST" duration-ms="247" status="PASS">
          <reporter-output>
          </reporter-output>
        </test-method> <!-- closeBrowser -->
      </class> <!-- Checkout -->
    </test> <!-- Checkout / Order Section -->
  </suite> <!-- SauceDemo Suite -->
</testng-results>
